2025-11-11 16:04:03,565 | INFO | ✅ Model loaded successfully from disk.
2025-11-11 16:28:56,818 | INFO | ✅ Model loaded successfully from disk.
2025-11-11 16:29:37,427 | INFO | Predicted 4 delivery times successfully.
2025-11-11 16:29:37,428 | INFO | ✅ Prediction successful for 4 orders.
2025-11-11 16:29:37,431 | INFO | POST /predict_delivery_time → 200 (0.031s)
2025-11-11 16:29:43,277 | INFO | Predicted 4 delivery times successfully.
2025-11-11 16:29:43,281 | INFO | ✅ Route optimization completed using greedy method.
2025-11-11 16:29:43,282 | INFO | POST /plan_routes → 200 (0.044s)
2025-11-11 16:29:54,798 | INFO | Metrics checked: CPU=0.0%, Memory=15.6%
2025-11-11 16:29:54,801 | INFO | GET /metrics → 200 (0.005s)
2025-11-11 16:30:17,559 | INFO | Predicted 4 delivery times successfully.
2025-11-11 16:30:17,561 | INFO | ✅ Prediction successful for 4 orders.
2025-11-11 16:30:17,566 | INFO | POST /predict_delivery_time → 200 (0.027s)
2025-11-11 16:30:25,384 | INFO | Predicted 4 delivery times successfully.
2025-11-11 16:30:25,445 | INFO | ✅ Route optimization completed using ortools method.
2025-11-11 16:30:25,446 | INFO | POST /plan_routes → 200 (0.114s)
2025-11-11 16:36:43,068 | INFO | ✅ Model loaded successfully from disk.
2025-11-11 16:37:08,159 | INFO | Predicted 4 delivery times successfully.
2025-11-11 16:37:08,161 | INFO | ✅ Prediction successful for 4 orders.
2025-11-11 16:37:08,183 | INFO | POST /predict_delivery_time → 200 (0.075s)
2025-11-11 16:37:17,669 | INFO | Predicted 4 delivery times successfully.
2025-11-11 16:37:17,677 | INFO | ✅ Route optimization completed using greedy method.
2025-11-11 16:37:17,678 | INFO | POST /plan_routes → 200 (0.053s)
2025-11-11 16:37:35,574 | INFO | Metrics checked: CPU=0.0%, Memory=15.5%
2025-11-11 16:37:35,575 | INFO | GET /metrics → 200 (0.003s)
2025-11-11 23:40:50,406 | INFO | Model loaded successfully from disk.
2025-11-11 23:40:52,212 | INFO | Model loaded successfully from disk.
2025-11-11 23:41:19,425 | INFO | Model loaded successfully from disk.
2025-11-11 23:46:10,280 | INFO | Model loaded successfully from disk.
2025-11-11 23:46:13,884 | INFO | Model loaded successfully from disk.
2025-11-11 18:21:29,085 | INFO | Predicted 4 delivery times successfully.
2025-11-11 18:21:29,092 | INFO | ✅ Route optimization completed using greedy method.
2025-11-11 18:21:29,094 | INFO | POST /plan_routes → 200 (0.107s)
2025-11-11 18:21:34,325 | INFO | Metrics checked: CPU=0.1%, Memory=15.7%
2025-11-11 18:21:34,327 | INFO | GET /metrics → 200 (0.005s)
2025-11-11 18:22:10,849 | INFO | GET /api/health → 404 (0.001s)
2025-11-11 18:22:11,788 | INFO | GET /api/health → 404 (0.0s)
2025-11-11 18:22:12,025 | INFO | GET /api/health → 404 (0.0s)
2025-11-11 18:22:12,251 | INFO | GET /api/health → 404 (0.0s)
2025-11-11 18:22:12,474 | INFO | GET /api/health → 404 (0.0s)
2025-11-11 19:26:16,232 | INFO | GET /metrics -> 200 (0.502s)
2025-11-11 19:26:21,639 | INFO | GET /metrics -> 200 (0.502s)
2025-11-11 19:26:21,657 | ERROR | Prediction API error:
Traceback (most recent call last):
  File "/app/src/api/app.py", line 156, in predict_delivery_time
    preds = ML_ENGINE.predict(df)
  File "/app/src/api/services/ml_engine.py", line 123, in predict
    df_h = _df_hash(X)
  File "/app/src/api/services/ml_engine.py", line 49, in _df_hash
    h.update(df.columns.to_string().encode("utf-8"))
AttributeError: 'Index' object has no attribute 'to_string'. Did you mean: 'to_series'?
2025-11-11 19:26:21,678 | INFO | POST /predict_delivery_time -> 500 (0.03s)
2025-11-11 19:26:27,112 | INFO | GET /metrics -> 200 (0.502s)
2025-11-11 19:26:27,132 | ERROR | Model predictor failed — using zero delays.
Traceback (most recent call last):
  File "/app/src/optimization/vrp_solver.py", line 228, in plan_routes
    preds = model_predictor(df)
  File "/app/src/api/app.py", line 198, in predictor
    return ML_ENGINE.predict(input_df)
  File "/app/src/api/services/ml_engine.py", line 123, in predict
    df_h = _df_hash(X)
  File "/app/src/api/services/ml_engine.py", line 49, in _df_hash
    h.update(df.columns.to_string().encode("utf-8"))
AttributeError: 'Index' object has no attribute 'to_string'. Did you mean: 'to_series'?
2025-11-11 19:26:27,161 | INFO | ✅ Route optimization completed using method=greedy.
2025-11-11 19:26:27,162 | INFO | POST /plan_routes -> 200 (0.035s)
2025-11-11 19:26:27,188 | INFO | GET /live_tracking -> 307 (0.0s)
2025-11-11 19:26:27,192 | INFO | GET /live_tracking/ -> 200 (0.002s)
2025-11-11 19:26:28,826 | INFO | GET /metrics -> 200 (0.502s)
2025-11-11 19:26:28,835 | INFO | GET /live_tracking -> 307 (0.0s)
2025-11-11 19:26:28,838 | INFO | GET /live_tracking/ -> 200 (0.001s)
2025-11-11 19:26:29,587 | INFO | GET /metrics -> 200 (0.502s)
2025-11-11 19:26:29,596 | INFO | GET /live_tracking -> 307 (0.001s)
2025-11-11 19:26:29,604 | INFO | GET /live_tracking/ -> 200 (0.001s)
2025-11-11 19:26:30,294 | INFO | GET /metrics -> 200 (0.501s)
2025-11-11 19:26:30,303 | INFO | GET /live_tracking -> 307 (0.0s)
2025-11-11 19:26:30,306 | INFO | GET /live_tracking/ -> 200 (0.001s)
2025-11-11 19:26:30,990 | INFO | GET /metrics -> 200 (0.503s)
2025-11-11 19:26:30,999 | INFO | GET /live_tracking -> 307 (0.0s)
2025-11-11 19:26:31,004 | INFO | GET /live_tracking/ -> 200 (0.002s)
2025-11-11 19:26:31,700 | INFO | GET /metrics -> 200 (0.502s)
2025-11-11 19:26:31,708 | INFO | GET /live_tracking -> 307 (0.0s)
2025-11-11 19:26:31,710 | INFO | GET /live_tracking/ -> 200 (0.001s)
2025-11-11 19:26:32,503 | INFO | GET /metrics -> 200 (0.502s)
2025-11-11 19:26:32,512 | INFO | GET /live_tracking -> 307 (0.0s)
2025-11-11 19:26:32,518 | INFO | GET /live_tracking/ -> 200 (0.002s)
2025-11-11 19:26:33,273 | INFO | GET /metrics -> 200 (0.502s)
2025-11-11 19:26:33,280 | INFO | GET /live_tracking -> 307 (0.0s)
2025-11-11 19:26:33,283 | INFO | GET /live_tracking/ -> 200 (0.0s)
2025-11-11 19:26:33,993 | INFO | GET /metrics -> 200 (0.502s)
2025-11-11 19:26:34,002 | INFO | GET /live_tracking -> 307 (0.0s)
2025-11-11 19:26:34,005 | INFO | GET /live_tracking/ -> 200 (0.001s)
2025-11-11 19:26:34,710 | INFO | GET /metrics -> 200 (0.502s)
2025-11-11 19:26:34,719 | INFO | GET /live_tracking -> 307 (0.0s)
2025-11-11 19:26:34,721 | INFO | GET /live_tracking/ -> 200 (0.001s)
2025-11-11 19:26:35,409 | INFO | GET /metrics -> 200 (0.502s)
2025-11-11 19:26:35,417 | INFO | GET /live_tracking -> 307 (0.0s)
2025-11-11 19:26:35,421 | INFO | GET /live_tracking/ -> 200 (0.001s)
2025-11-11 19:26:36,117 | INFO | GET /metrics -> 200 (0.501s)
2025-11-11 19:26:36,124 | INFO | GET /live_tracking -> 307 (0.0s)
2025-11-11 19:26:36,127 | INFO | GET /live_tracking/ -> 200 (0.001s)
2025-11-11 19:26:36,815 | INFO | GET /metrics -> 200 (0.501s)
2025-11-11 19:26:36,823 | INFO | GET /live_tracking -> 307 (0.0s)
2025-11-11 19:26:36,826 | INFO | GET /live_tracking/ -> 200 (0.001s)
2025-11-11 19:26:37,507 | INFO | GET /metrics -> 200 (0.501s)
2025-11-11 19:26:37,513 | INFO | GET /live_tracking -> 307 (0.0s)
2025-11-11 19:26:37,516 | INFO | GET /live_tracking/ -> 200 (0.001s)
2025-11-11 19:26:38,177 | INFO | GET /metrics -> 200 (0.501s)
2025-11-11 19:26:38,184 | INFO | GET /live_tracking -> 307 (0.001s)
2025-11-11 19:26:38,186 | INFO | GET /live_tracking/ -> 200 (0.001s)
2025-11-11 19:26:38,846 | INFO | GET /metrics -> 200 (0.501s)
2025-11-11 19:26:38,853 | INFO | GET /live_tracking -> 307 (0.001s)
2025-11-11 19:26:38,857 | INFO | GET /live_tracking/ -> 200 (0.001s)
2025-11-11 19:26:39,569 | INFO | GET /metrics -> 200 (0.501s)
2025-11-11 19:26:39,576 | INFO | GET /live_tracking -> 307 (0.0s)
2025-11-11 19:26:39,579 | INFO | GET /live_tracking/ -> 200 (0.001s)
2025-11-11 19:26:40,246 | INFO | GET /metrics -> 200 (0.501s)
2025-11-11 19:26:40,256 | INFO | GET /live_tracking -> 307 (0.0s)
2025-11-11 19:26:40,260 | INFO | GET /live_tracking/ -> 200 (0.001s)
2025-11-11 19:26:40,939 | INFO | GET /metrics -> 200 (0.502s)
2025-11-11 19:26:40,945 | INFO | GET /live_tracking -> 307 (0.0s)
2025-11-11 19:26:40,947 | INFO | GET /live_tracking/ -> 200 (0.001s)
2025-11-11 19:26:41,678 | INFO | GET /metrics -> 200 (0.501s)
2025-11-11 19:26:41,684 | INFO | GET /live_tracking -> 307 (0.0s)
2025-11-11 19:26:41,687 | INFO | GET /live_tracking/ -> 200 (0.001s)
2025-11-11 19:26:42,367 | INFO | GET /metrics -> 200 (0.501s)
2025-11-11 19:26:42,375 | INFO | GET /live_tracking -> 307 (0.0s)
2025-11-11 19:26:42,377 | INFO | GET /live_tracking/ -> 200 (0.001s)
2025-11-11 19:26:43,045 | INFO | GET /metrics -> 200 (0.501s)
2025-11-11 19:26:43,052 | INFO | GET /live_tracking -> 307 (0.0s)
2025-11-11 19:26:43,054 | INFO | GET /live_tracking/ -> 200 (0.001s)
2025-11-11 19:26:43,726 | INFO | GET /metrics -> 200 (0.501s)
2025-11-11 19:26:43,742 | INFO | GET /live_tracking -> 307 (0.0s)
2025-11-11 19:26:43,745 | INFO | GET /live_tracking/ -> 200 (0.001s)
2025-11-11 19:26:44,409 | INFO | GET /metrics -> 200 (0.501s)
2025-11-11 19:26:44,418 | INFO | GET /live_tracking -> 307 (0.0s)
2025-11-11 19:26:44,421 | INFO | GET /live_tracking/ -> 200 (0.001s)
2025-11-11 19:26:45,082 | INFO | GET /metrics -> 200 (0.501s)
2025-11-11 19:26:45,088 | INFO | GET /live_tracking -> 307 (0.0s)
2025-11-11 19:26:45,091 | INFO | GET /live_tracking/ -> 200 (0.001s)
2025-11-11 19:26:45,765 | INFO | GET /metrics -> 200 (0.501s)
2025-11-11 19:26:45,772 | INFO | GET /live_tracking -> 307 (0.0s)
2025-11-11 19:26:45,775 | INFO | GET /live_tracking/ -> 200 (0.001s)
2025-11-11 19:26:46,447 | INFO | GET /metrics -> 200 (0.502s)
2025-11-11 19:26:46,454 | INFO | GET /live_tracking -> 307 (0.0s)
2025-11-11 19:26:46,456 | INFO | GET /live_tracking/ -> 200 (0.001s)
2025-11-11 19:26:47,137 | INFO | GET /metrics -> 200 (0.501s)
2025-11-11 19:26:47,143 | INFO | GET /live_tracking -> 307 (0.0s)
2025-11-11 19:26:47,146 | INFO | GET /live_tracking/ -> 200 (0.001s)
2025-11-11 19:26:47,829 | INFO | GET /metrics -> 200 (0.502s)
2025-11-11 19:26:47,836 | INFO | GET /live_tracking -> 307 (0.0s)
2025-11-11 19:26:47,839 | INFO | GET /live_tracking/ -> 200 (0.001s)
2025-11-11 19:26:48,550 | INFO | GET /metrics -> 200 (0.502s)
2025-11-11 19:26:48,557 | INFO | GET /live_tracking -> 307 (0.0s)
2025-11-11 19:26:48,560 | INFO | GET /live_tracking/ -> 200 (0.001s)
2025-11-11 19:26:49,223 | INFO | GET /metrics -> 200 (0.501s)
2025-11-11 19:26:49,230 | INFO | GET /live_tracking -> 307 (0.0s)
2025-11-11 19:26:49,233 | INFO | GET /live_tracking/ -> 200 (0.001s)
2025-11-11 19:26:49,904 | INFO | GET /metrics -> 200 (0.502s)
2025-11-11 19:26:49,912 | INFO | GET /live_tracking -> 307 (0.0s)
2025-11-11 19:26:49,914 | INFO | GET /live_tracking/ -> 200 (0.0s)
2025-11-11 19:26:50,611 | INFO | GET /metrics -> 200 (0.502s)
2025-11-11 19:26:50,616 | INFO | GET /live_tracking -> 307 (0.0s)
2025-11-11 19:26:50,619 | INFO | GET /live_tracking/ -> 200 (0.001s)
2025-11-11 19:26:51,315 | INFO | GET /metrics -> 200 (0.502s)
2025-11-11 19:26:51,324 | INFO | GET /live_tracking -> 307 (0.0s)
2025-11-11 19:26:51,326 | INFO | GET /live_tracking/ -> 200 (0.001s)
2025-11-11 19:26:51,985 | INFO | GET /metrics -> 200 (0.501s)
2025-11-11 19:26:51,992 | INFO | GET /live_tracking -> 307 (0.0s)
2025-11-11 19:26:51,994 | INFO | GET /live_tracking/ -> 200 (0.001s)
2025-11-11 19:26:52,682 | INFO | GET /metrics -> 200 (0.501s)
2025-11-11 19:26:52,688 | INFO | GET /live_tracking -> 307 (0.0s)
2025-11-11 19:26:52,691 | INFO | GET /live_tracking/ -> 200 (0.001s)
2025-11-11 19:26:53,347 | INFO | GET /metrics -> 200 (0.502s)
2025-11-11 19:26:53,366 | INFO | GET /live_tracking -> 307 (0.0s)
2025-11-11 19:26:53,370 | INFO | GET /live_tracking/ -> 200 (0.001s)
2025-11-11 19:26:54,027 | INFO | GET /metrics -> 200 (0.501s)
2025-11-11 19:26:54,035 | INFO | GET /live_tracking -> 307 (0.0s)
2025-11-11 19:26:54,038 | INFO | GET /live_tracking/ -> 200 (0.001s)
2025-11-11 19:26:54,709 | INFO | GET /metrics -> 200 (0.501s)
2025-11-11 19:26:54,720 | INFO | GET /live_tracking -> 307 (0.0s)
2025-11-11 19:26:54,723 | INFO | GET /live_tracking/ -> 200 (0.001s)
2025-11-11 19:26:55,395 | INFO | GET /metrics -> 200 (0.501s)
2025-11-11 19:26:55,402 | INFO | GET /live_tracking -> 307 (0.0s)
2025-11-11 19:26:55,404 | INFO | GET /live_tracking/ -> 200 (0.001s)
2025-11-11 19:26:56,090 | INFO | GET /metrics -> 200 (0.502s)
2025-11-11 19:26:56,099 | INFO | GET /live_tracking -> 307 (0.0s)
2025-11-11 19:26:56,102 | INFO | GET /live_tracking/ -> 200 (0.001s)
2025-11-11 19:26:56,798 | INFO | GET /metrics -> 200 (0.502s)
2025-11-11 19:26:56,809 | INFO | GET /live_tracking -> 307 (0.0s)
2025-11-11 19:26:56,811 | INFO | GET /live_tracking/ -> 200 (0.001s)
2025-11-11 19:26:57,485 | INFO | GET /metrics -> 200 (0.501s)
2025-11-11 19:26:57,493 | INFO | GET /live_tracking -> 307 (0.0s)
2025-11-11 19:26:57,495 | INFO | GET /live_tracking/ -> 200 (0.0s)
2025-11-11 19:26:58,188 | INFO | GET /metrics -> 200 (0.502s)
2025-11-11 19:26:58,194 | INFO | GET /live_tracking -> 307 (0.0s)
2025-11-11 19:26:58,196 | INFO | GET /live_tracking/ -> 200 (0.001s)
2025-11-11 19:26:58,874 | INFO | GET /metrics -> 200 (0.502s)
2025-11-11 19:26:58,880 | INFO | GET /live_tracking -> 307 (0.0s)
2025-11-11 19:26:58,883 | INFO | GET /live_tracking/ -> 200 (0.001s)
2025-11-11 19:26:59,557 | INFO | GET /metrics -> 200 (0.501s)
2025-11-11 19:26:59,566 | INFO | GET /live_tracking -> 307 (0.0s)
2025-11-11 19:26:59,568 | INFO | GET /live_tracking/ -> 200 (0.001s)
2025-11-11 19:27:00,237 | INFO | GET /metrics -> 200 (0.501s)
2025-11-11 19:27:00,244 | INFO | GET /live_tracking -> 307 (0.0s)
2025-11-11 19:27:00,246 | INFO | GET /live_tracking/ -> 200 (0.001s)
2025-11-11 19:27:00,919 | INFO | GET /metrics -> 200 (0.501s)
2025-11-11 19:27:01,468 | INFO | GET /metrics -> 200 (0.501s)
2025-11-11 19:27:01,475 | INFO | GET /live_tracking -> 307 (0.0s)
2025-11-11 19:27:01,477 | INFO | GET /live_tracking/ -> 200 (0.001s)
2025-11-11 19:27:02,151 | INFO | GET /metrics -> 200 (0.5s)
2025-11-11 19:27:02,159 | INFO | GET /live_tracking -> 307 (0.0s)
2025-11-11 19:27:02,161 | INFO | GET /live_tracking/ -> 200 (0.001s)
2025-11-11 19:27:02,853 | INFO | GET /metrics -> 200 (0.501s)
2025-11-11 19:27:02,858 | INFO | GET /live_tracking -> 307 (0.0s)
2025-11-11 19:27:02,860 | INFO | GET /live_tracking/ -> 200 (0.001s)
2025-11-11 19:27:03,567 | INFO | GET /metrics -> 200 (0.502s)
2025-11-11 19:27:03,574 | INFO | GET /live_tracking -> 307 (0.0s)
2025-11-11 19:27:03,576 | INFO | GET /live_tracking/ -> 200 (0.001s)
2025-11-11 19:27:04,261 | INFO | GET /metrics -> 200 (0.502s)
2025-11-11 19:27:04,269 | INFO | GET /live_tracking -> 307 (0.0s)
2025-11-11 19:27:04,272 | INFO | GET /live_tracking/ -> 200 (0.001s)
2025-11-11 19:27:04,968 | INFO | GET /metrics -> 200 (0.501s)
2025-11-11 19:27:04,974 | INFO | GET /live_tracking -> 307 (0.0s)
2025-11-11 19:27:04,977 | INFO | GET /live_tracking/ -> 200 (0.001s)
2025-11-11 19:27:05,635 | INFO | GET /metrics -> 200 (0.501s)
2025-11-11 19:27:05,643 | INFO | GET /live_tracking -> 307 (0.0s)
2025-11-11 19:27:05,645 | INFO | GET /live_tracking/ -> 200 (0.001s)
2025-11-11 19:27:06,356 | INFO | GET /metrics -> 200 (0.502s)
2025-11-11 19:27:06,364 | INFO | GET /live_tracking -> 307 (0.0s)
2025-11-11 19:27:06,367 | INFO | GET /live_tracking/ -> 200 (0.001s)
2025-11-11 19:27:06,965 | INFO | GET /metrics -> 200 (0.502s)
2025-11-11 19:27:06,972 | INFO | GET /live_tracking -> 307 (0.0s)
2025-11-11 19:27:06,976 | INFO | GET /live_tracking/ -> 200 (0.001s)
2025-11-11 19:27:07,626 | INFO | GET /metrics -> 200 (0.502s)
2025-11-11 19:27:07,634 | INFO | GET /live_tracking -> 307 (0.0s)
2025-11-11 19:27:07,636 | INFO | GET /live_tracking/ -> 200 (0.001s)
2025-11-11 19:27:08,315 | INFO | GET /metrics -> 200 (0.501s)
2025-11-11 19:27:08,323 | INFO | GET /live_tracking -> 307 (0.0s)
2025-11-11 19:27:08,325 | INFO | GET /live_tracking/ -> 200 (0.001s)
2025-11-11 19:27:09,015 | INFO | GET /metrics -> 200 (0.501s)
2025-11-11 19:27:09,022 | INFO | GET /live_tracking -> 307 (0.0s)
2025-11-11 19:27:09,026 | INFO | GET /live_tracking/ -> 200 (0.001s)
2025-11-11 19:27:09,712 | INFO | GET /metrics -> 200 (0.501s)
2025-11-11 19:27:09,719 | INFO | GET /live_tracking -> 307 (0.0s)
2025-11-11 19:27:09,724 | INFO | GET /live_tracking/ -> 200 (0.001s)
2025-11-11 19:27:10,442 | INFO | GET /metrics -> 200 (0.502s)
2025-11-11 19:27:10,451 | INFO | GET /live_tracking -> 307 (0.0s)
2025-11-11 19:27:10,453 | INFO | GET /live_tracking/ -> 200 (0.001s)
2025-11-11 19:27:11,101 | INFO | GET /metrics -> 200 (0.501s)
2025-11-11 19:27:11,109 | INFO | GET /live_tracking -> 307 (0.0s)
2025-11-11 19:27:11,111 | INFO | GET /live_tracking/ -> 200 (0.001s)
2025-11-11 19:27:11,801 | INFO | GET /metrics -> 200 (0.502s)
2025-11-11 19:27:11,808 | INFO | GET /live_tracking -> 307 (0.001s)
2025-11-11 19:27:11,811 | INFO | GET /live_tracking/ -> 200 (0.001s)
2025-11-11 19:27:12,477 | INFO | GET /metrics -> 200 (0.501s)
2025-11-11 19:27:12,485 | INFO | GET /live_tracking -> 307 (0.0s)
2025-11-11 19:27:12,488 | INFO | GET /live_tracking/ -> 200 (0.001s)
2025-11-11 19:27:13,153 | INFO | GET /metrics -> 200 (0.501s)
2025-11-11 19:27:13,656 | INFO | GET /metrics -> 200 (0.502s)
2025-11-11 19:27:13,705 | INFO | GET /live_tracking -> 307 (0.0s)
2025-11-11 19:27:13,708 | INFO | GET /live_tracking/ -> 200 (0.001s)
2025-11-11 19:27:13,737 | ERROR | Explainability API error:
Traceback (most recent call last):
  File "/app/src/api/app.py", line 178, in predict_explain
    preds = ML_ENGINE.predict(df)
  File "/app/src/api/services/ml_engine.py", line 123, in predict
    df_h = _df_hash(X)
  File "/app/src/api/services/ml_engine.py", line 49, in _df_hash
    h.update(df.columns.to_string().encode("utf-8"))
AttributeError: 'Index' object has no attribute 'to_string'. Did you mean: 'to_series'?
2025-11-11 19:27:13,749 | INFO | POST /predict_explain -> 500 (0.017s)
2025-11-11 19:27:14,388 | INFO | GET /metrics -> 200 (0.501s)
2025-11-11 19:27:14,396 | INFO | GET /live_tracking -> 307 (0.0s)
2025-11-11 19:27:14,398 | INFO | GET /live_tracking/ -> 200 (0.001s)
2025-11-11 19:27:15,065 | INFO | GET /metrics -> 200 (0.502s)
2025-11-11 19:27:15,073 | INFO | GET /live_tracking -> 307 (0.0s)
2025-11-11 19:27:15,076 | INFO | GET /live_tracking/ -> 200 (0.001s)
2025-11-11 19:27:15,669 | INFO | GET /metrics -> 200 (0.501s)
2025-11-11 19:27:15,676 | INFO | GET /live_tracking -> 307 (0.0s)
2025-11-11 19:27:15,678 | INFO | GET /live_tracking/ -> 200 (0.001s)
2025-11-11 19:27:15,706 | ERROR | Explainability API error:
Traceback (most recent call last):
  File "/app/src/api/app.py", line 178, in predict_explain
    preds = ML_ENGINE.predict(df)
  File "/app/src/api/services/ml_engine.py", line 123, in predict
    df_h = _df_hash(X)
  File "/app/src/api/services/ml_engine.py", line 49, in _df_hash
    h.update(df.columns.to_string().encode("utf-8"))
AttributeError: 'Index' object has no attribute 'to_string'. Did you mean: 'to_series'?
2025-11-11 19:27:15,718 | INFO | POST /predict_explain -> 500 (0.018s)
2025-11-11 19:27:16,350 | INFO | GET /metrics -> 200 (0.501s)
2025-11-11 19:27:16,357 | INFO | GET /live_tracking -> 307 (0.0s)
2025-11-11 19:27:16,359 | INFO | GET /live_tracking/ -> 200 (0.001s)
2025-11-11 19:27:17,027 | INFO | GET /metrics -> 200 (0.501s)
2025-11-11 19:27:17,034 | INFO | GET /live_tracking -> 307 (0.0s)
2025-11-11 19:27:17,036 | INFO | GET /live_tracking/ -> 200 (0.001s)
2025-11-11 19:27:17,722 | INFO | GET /metrics -> 200 (0.501s)
2025-11-11 19:27:17,729 | INFO | GET /live_tracking -> 307 (0.0s)
2025-11-11 19:27:17,732 | INFO | GET /live_tracking/ -> 200 (0.001s)
2025-11-11 19:27:18,397 | INFO | GET /metrics -> 200 (0.501s)
2025-11-11 19:27:18,405 | INFO | GET /live_tracking -> 307 (0.0s)
2025-11-11 19:27:18,408 | INFO | GET /live_tracking/ -> 200 (0.001s)
2025-11-11 19:27:19,110 | INFO | GET /metrics -> 200 (0.501s)
2025-11-11 19:27:19,116 | INFO | GET /live_tracking -> 307 (0.0s)
2025-11-11 19:27:19,119 | INFO | GET /live_tracking/ -> 200 (0.001s)
2025-11-11 19:27:19,773 | INFO | GET /metrics -> 200 (0.502s)
2025-11-11 19:27:19,780 | INFO | GET /live_tracking -> 307 (0.0s)
2025-11-11 19:27:19,783 | INFO | GET /live_tracking/ -> 200 (0.001s)
2025-11-11 19:27:20,463 | INFO | GET /metrics -> 200 (0.502s)
2025-11-11 19:27:20,469 | INFO | GET /live_tracking -> 307 (0.0s)
2025-11-11 19:27:20,472 | INFO | GET /live_tracking/ -> 200 (0.001s)
2025-11-11 19:27:21,139 | INFO | GET /metrics -> 200 (0.502s)
2025-11-11 19:27:21,150 | INFO | GET /live_tracking -> 307 (0.0s)
2025-11-11 19:27:21,154 | INFO | GET /live_tracking/ -> 200 (0.001s)
2025-11-11 19:27:21,816 | INFO | GET /metrics -> 200 (0.501s)
2025-11-11 19:27:21,823 | INFO | GET /live_tracking -> 307 (0.0s)
2025-11-11 19:27:21,826 | INFO | GET /live_tracking/ -> 200 (0.001s)
2025-11-11 19:27:22,491 | INFO | GET /metrics -> 200 (0.502s)
2025-11-11 19:27:22,500 | INFO | GET /live_tracking -> 307 (0.0s)
2025-11-11 19:27:22,502 | INFO | GET /live_tracking/ -> 200 (0.001s)
2025-11-11 19:27:23,205 | INFO | GET /metrics -> 200 (0.501s)
2025-11-11 19:27:23,212 | INFO | GET /live_tracking -> 307 (0.0s)
2025-11-11 19:27:23,215 | INFO | GET /live_tracking/ -> 200 (0.001s)
2025-11-11 19:27:23,899 | INFO | GET /metrics -> 200 (0.501s)
2025-11-11 19:27:23,906 | INFO | GET /live_tracking -> 307 (0.0s)
2025-11-11 19:27:23,909 | INFO | GET /live_tracking/ -> 200 (0.001s)
2025-11-11 19:27:24,580 | INFO | GET /metrics -> 200 (0.501s)
2025-11-11 19:27:24,588 | INFO | GET /live_tracking -> 307 (0.0s)
2025-11-11 19:27:24,590 | INFO | GET /live_tracking/ -> 200 (0.001s)
2025-11-11 19:27:25,279 | INFO | GET /metrics -> 200 (0.501s)
2025-11-11 19:27:25,285 | INFO | GET /live_tracking -> 307 (0.0s)
2025-11-11 19:27:25,288 | INFO | GET /live_tracking/ -> 200 (0.001s)
2025-11-11 19:27:25,958 | INFO | GET /metrics -> 200 (0.501s)
2025-11-11 19:27:25,966 | INFO | GET /live_tracking -> 307 (0.0s)
2025-11-11 19:27:25,968 | INFO | GET /live_tracking/ -> 200 (0.001s)
2025-11-11 19:27:26,637 | INFO | GET /metrics -> 200 (0.501s)
2025-11-11 19:27:26,644 | INFO | GET /live_tracking -> 307 (0.0s)
2025-11-11 19:27:26,646 | INFO | GET /live_tracking/ -> 200 (0.001s)
2025-11-11 19:27:27,316 | INFO | GET /metrics -> 200 (0.501s)
2025-11-11 19:27:27,324 | INFO | GET /live_tracking -> 307 (0.0s)
2025-11-11 19:27:27,327 | INFO | GET /live_tracking/ -> 200 (0.001s)
2025-11-11 19:27:28,330 | INFO | GET /metrics -> 200 (0.502s)
2025-11-11 19:27:28,338 | INFO | GET /live_tracking -> 307 (0.0s)
2025-11-11 19:27:28,341 | INFO | GET /live_tracking/ -> 200 (0.001s)
2025-11-11 19:27:29,008 | INFO | GET /metrics -> 200 (0.502s)
2025-11-11 19:27:29,016 | INFO | GET /live_tracking -> 307 (0.0s)
2025-11-11 19:27:29,019 | INFO | GET /live_tracking/ -> 200 (0.001s)
2025-11-11 19:27:29,702 | INFO | GET /metrics -> 200 (0.501s)
2025-11-11 19:27:29,710 | INFO | GET /live_tracking -> 307 (0.0s)
2025-11-11 19:27:29,712 | INFO | GET /live_tracking/ -> 200 (0.001s)
2025-11-11 19:27:30,395 | INFO | GET /metrics -> 200 (0.502s)
2025-11-11 19:27:30,403 | INFO | GET /live_tracking -> 307 (0.0s)
2025-11-11 19:27:30,406 | INFO | GET /live_tracking/ -> 200 (0.001s)
2025-11-11 19:27:31,061 | INFO | GET /metrics -> 200 (0.501s)
2025-11-11 19:27:31,070 | INFO | GET /live_tracking -> 307 (0.001s)
2025-11-11 19:27:31,075 | INFO | GET /live_tracking/ -> 200 (0.001s)
2025-11-11 19:27:31,756 | INFO | GET /metrics -> 200 (0.501s)
2025-11-11 19:27:31,763 | INFO | GET /live_tracking -> 307 (0.0s)
2025-11-11 19:27:31,765 | INFO | GET /live_tracking/ -> 200 (0.001s)
2025-11-11 19:27:32,419 | INFO | GET /metrics -> 200 (0.5s)
2025-11-11 19:27:32,426 | INFO | GET /live_tracking -> 307 (0.0s)
2025-11-11 19:27:32,428 | INFO | GET /live_tracking/ -> 200 (0.001s)
2025-11-11 19:27:33,110 | INFO | GET /metrics -> 200 (0.502s)
2025-11-11 19:27:33,118 | INFO | GET /live_tracking -> 307 (0.0s)
2025-11-11 19:27:33,120 | INFO | GET /live_tracking/ -> 200 (0.001s)
2025-11-11 19:27:33,771 | INFO | GET /metrics -> 200 (0.501s)
2025-11-11 19:27:33,778 | INFO | GET /live_tracking -> 307 (0.0s)
2025-11-11 19:27:33,781 | INFO | GET /live_tracking/ -> 200 (0.001s)
2025-11-11 19:27:34,455 | INFO | GET /metrics -> 200 (0.501s)
2025-11-11 19:27:34,461 | INFO | GET /live_tracking -> 307 (0.0s)
2025-11-11 19:27:34,464 | INFO | GET /live_tracking/ -> 200 (0.001s)
2025-11-11 19:27:35,128 | INFO | GET /metrics -> 200 (0.501s)
2025-11-11 19:27:35,135 | INFO | GET /live_tracking -> 307 (0.0s)
2025-11-11 19:27:35,137 | INFO | GET /live_tracking/ -> 200 (0.0s)
2025-11-11 19:27:35,820 | INFO | GET /metrics -> 200 (0.502s)
2025-11-11 19:27:35,828 | INFO | GET /live_tracking -> 307 (0.0s)
2025-11-11 19:27:35,831 | INFO | GET /live_tracking/ -> 200 (0.001s)
2025-11-11 19:27:36,502 | INFO | GET /metrics -> 200 (0.501s)
2025-11-11 19:27:36,510 | INFO | GET /live_tracking -> 307 (0.0s)
2025-11-11 19:27:36,512 | INFO | GET /live_tracking/ -> 200 (0.001s)
2025-11-11 19:27:37,183 | INFO | GET /metrics -> 200 (0.501s)
2025-11-11 19:27:37,190 | INFO | GET /live_tracking -> 307 (0.0s)
2025-11-11 19:27:37,192 | INFO | GET /live_tracking/ -> 200 (0.001s)
2025-11-11 19:27:37,885 | INFO | GET /metrics -> 200 (0.501s)
2025-11-11 19:27:37,893 | INFO | GET /live_tracking -> 307 (0.0s)
2025-11-11 19:27:37,896 | INFO | GET /live_tracking/ -> 200 (0.001s)
2025-11-11 19:27:38,586 | INFO | GET /metrics -> 200 (0.502s)
2025-11-11 19:27:38,593 | INFO | GET /live_tracking -> 307 (0.0s)
2025-11-11 19:27:38,595 | INFO | GET /live_tracking/ -> 200 (0.001s)
2025-11-11 19:27:39,220 | INFO | GET /metrics -> 200 (0.502s)
2025-11-11 19:27:39,725 | INFO | GET /metrics -> 200 (0.503s)
2025-11-11 19:27:39,772 | INFO | GET /live_tracking -> 307 (0.0s)
2025-11-11 19:27:39,774 | INFO | GET /live_tracking/ -> 200 (0.001s)
2025-11-11 19:27:40,429 | INFO | GET /metrics -> 200 (0.501s)
2025-11-11 19:27:40,437 | INFO | GET /live_tracking -> 307 (0.0s)
2025-11-11 19:27:40,440 | INFO | GET /live_tracking/ -> 200 (0.001s)
2025-11-11 19:27:41,108 | INFO | GET /metrics -> 200 (0.501s)
2025-11-11 19:27:41,117 | INFO | GET /live_tracking -> 307 (0.0s)
2025-11-11 19:27:41,121 | INFO | GET /live_tracking/ -> 200 (0.001s)
2025-11-11 19:27:41,805 | INFO | GET /metrics -> 200 (0.502s)
2025-11-11 19:27:41,820 | INFO | GET /live_tracking -> 307 (0.0s)
2025-11-11 19:27:41,824 | INFO | GET /live_tracking/ -> 200 (0.001s)
2025-11-11 19:27:42,502 | INFO | GET /metrics -> 200 (0.502s)
2025-11-11 19:27:42,510 | INFO | GET /live_tracking -> 307 (0.0s)
2025-11-11 19:27:42,514 | INFO | GET /live_tracking/ -> 200 (0.001s)
2025-11-11 19:27:43,191 | INFO | GET /metrics -> 200 (0.502s)
2025-11-11 19:27:43,201 | INFO | GET /live_tracking -> 307 (0.0s)
2025-11-11 19:27:43,204 | INFO | GET /live_tracking/ -> 200 (0.001s)
2025-11-11 19:27:43,894 | INFO | GET /metrics -> 200 (0.501s)
2025-11-11 19:27:43,901 | INFO | GET /live_tracking -> 307 (0.0s)
2025-11-11 19:27:43,905 | INFO | GET /live_tracking/ -> 200 (0.001s)
2025-11-11 19:27:44,603 | INFO | GET /metrics -> 200 (0.501s)
2025-11-11 19:27:44,609 | INFO | GET /live_tracking -> 307 (0.0s)
2025-11-11 19:27:44,612 | INFO | GET /live_tracking/ -> 200 (0.001s)
2025-11-11 19:27:45,283 | INFO | GET /metrics -> 200 (0.502s)
2025-11-11 19:27:45,291 | INFO | GET /live_tracking -> 307 (0.0s)
2025-11-11 19:27:45,294 | INFO | GET /live_tracking/ -> 200 (0.001s)
2025-11-11 19:27:45,943 | INFO | GET /metrics -> 200 (0.501s)
2025-11-11 19:27:45,949 | INFO | GET /live_tracking -> 307 (0.0s)
2025-11-11 19:27:45,951 | INFO | GET /live_tracking/ -> 200 (0.001s)
2025-11-11 19:27:46,616 | INFO | GET /metrics -> 200 (0.501s)
2025-11-11 19:27:46,623 | INFO | GET /live_tracking -> 307 (0.0s)
2025-11-11 19:27:46,625 | INFO | GET /live_tracking/ -> 200 (0.001s)
2025-11-11 19:27:47,301 | INFO | GET /metrics -> 200 (0.501s)
2025-11-11 19:27:47,308 | INFO | GET /live_tracking -> 307 (0.0s)
2025-11-11 19:27:47,311 | INFO | GET /live_tracking/ -> 200 (0.001s)
2025-11-11 19:27:47,959 | INFO | GET /metrics -> 200 (0.502s)
2025-11-11 19:27:47,967 | INFO | GET /live_tracking -> 307 (0.0s)
2025-11-11 19:27:47,969 | INFO | GET /live_tracking/ -> 200 (0.001s)
2025-11-11 19:27:48,637 | INFO | GET /metrics -> 200 (0.502s)
2025-11-11 19:27:48,645 | INFO | GET /live_tracking -> 307 (0.0s)
2025-11-11 19:27:48,647 | INFO | GET /live_tracking/ -> 200 (0.0s)
2025-11-11 19:27:49,311 | INFO | GET /metrics -> 200 (0.502s)
2025-11-11 19:27:49,317 | INFO | GET /live_tracking -> 307 (0.0s)
2025-11-11 19:27:49,320 | INFO | GET /live_tracking/ -> 200 (0.001s)
2025-11-11 19:27:49,977 | INFO | GET /metrics -> 200 (0.502s)
2025-11-11 19:27:49,984 | INFO | GET /live_tracking -> 307 (0.0s)
2025-11-11 19:27:49,986 | INFO | GET /live_tracking/ -> 200 (0.001s)
2025-11-11 19:27:50,638 | INFO | GET /metrics -> 200 (0.502s)
2025-11-11 19:27:50,645 | INFO | GET /live_tracking -> 307 (0.0s)
2025-11-11 19:27:50,648 | INFO | GET /live_tracking/ -> 200 (0.001s)
2025-11-11 19:27:51,313 | INFO | GET /metrics -> 200 (0.501s)
2025-11-11 19:27:51,318 | INFO | GET /live_tracking -> 307 (0.0s)
2025-11-11 19:27:51,321 | INFO | GET /live_tracking/ -> 200 (0.001s)
2025-11-11 19:27:51,976 | INFO | GET /metrics -> 200 (0.502s)
2025-11-11 19:27:51,985 | INFO | GET /live_tracking -> 307 (0.0s)
2025-11-11 19:27:51,987 | INFO | GET /live_tracking/ -> 200 (0.0s)
2025-11-11 19:27:52,658 | INFO | GET /metrics -> 200 (0.502s)
2025-11-11 19:27:52,666 | INFO | GET /live_tracking -> 307 (0.0s)
2025-11-11 19:27:52,668 | INFO | GET /live_tracking/ -> 200 (0.0s)
2025-11-11 19:27:53,337 | INFO | GET /metrics -> 200 (0.502s)
2025-11-11 19:27:53,345 | INFO | GET /live_tracking -> 307 (0.0s)
2025-11-11 19:27:53,347 | INFO | GET /live_tracking/ -> 200 (0.001s)
2025-11-11 19:27:53,993 | INFO | GET /metrics -> 200 (0.502s)
2025-11-11 19:27:54,000 | INFO | GET /live_tracking -> 307 (0.0s)
2025-11-11 19:27:54,003 | INFO | GET /live_tracking/ -> 200 (0.001s)
2025-11-11 19:27:54,662 | INFO | GET /metrics -> 200 (0.502s)
2025-11-11 19:27:54,671 | INFO | GET /live_tracking -> 307 (0.0s)
2025-11-11 19:27:54,674 | INFO | GET /live_tracking/ -> 200 (0.001s)
2025-11-11 19:27:55,326 | INFO | GET /metrics -> 200 (0.501s)
2025-11-11 19:27:55,829 | INFO | GET /metrics -> 200 (0.503s)
2025-11-11 19:27:55,876 | INFO | GET /live_tracking -> 307 (0.0s)
2025-11-11 19:27:55,880 | INFO | GET /live_tracking/ -> 200 (0.001s)
2025-11-11 19:27:56,561 | INFO | GET /metrics -> 200 (0.502s)
2025-11-11 19:27:56,577 | INFO | GET /live_tracking -> 307 (0.0s)
2025-11-11 19:27:56,579 | INFO | GET /live_tracking/ -> 200 (0.001s)
2025-11-11 19:27:57,237 | INFO | GET /metrics -> 200 (0.501s)
2025-11-11 19:27:57,242 | INFO | GET /live_tracking -> 307 (0.0s)
2025-11-11 19:27:57,245 | INFO | GET /live_tracking/ -> 200 (0.001s)
2025-11-11 19:27:57,926 | INFO | GET /metrics -> 200 (0.501s)
2025-11-11 19:27:57,933 | INFO | GET /live_tracking -> 307 (0.0s)
2025-11-11 19:27:57,936 | INFO | GET /live_tracking/ -> 200 (0.001s)
2025-11-11 19:27:58,599 | INFO | GET /metrics -> 200 (0.502s)
2025-11-11 19:27:58,608 | INFO | GET /live_tracking -> 307 (0.0s)
2025-11-11 19:27:58,611 | INFO | GET /live_tracking/ -> 200 (0.001s)
2025-11-11 19:27:59,275 | INFO | GET /metrics -> 200 (0.501s)
2025-11-11 19:27:59,282 | INFO | GET /live_tracking -> 307 (0.0s)
2025-11-11 19:27:59,285 | INFO | GET /live_tracking/ -> 200 (0.001s)
2025-11-11 19:27:59,870 | INFO | GET /metrics -> 200 (0.501s)
2025-11-11 19:27:59,877 | INFO | GET /live_tracking -> 307 (0.0s)
2025-11-11 19:27:59,880 | INFO | GET /live_tracking/ -> 200 (0.001s)
2025-11-11 19:28:00,552 | INFO | GET /metrics -> 200 (0.501s)
2025-11-11 19:28:00,560 | INFO | GET /live_tracking -> 307 (0.0s)
2025-11-11 19:28:00,562 | INFO | GET /live_tracking/ -> 200 (0.0s)
2025-11-11 19:28:01,237 | INFO | GET /metrics -> 200 (0.502s)
2025-11-11 19:28:01,245 | INFO | GET /live_tracking -> 307 (0.0s)
2025-11-11 19:28:01,247 | INFO | GET /live_tracking/ -> 200 (0.001s)
2025-11-11 19:28:01,926 | INFO | GET /metrics -> 200 (0.501s)
2025-11-11 19:28:01,933 | INFO | GET /live_tracking -> 307 (0.0s)
2025-11-11 19:28:01,936 | INFO | GET /live_tracking/ -> 200 (0.001s)
2025-11-11 19:28:02,616 | INFO | GET /metrics -> 200 (0.502s)
2025-11-11 19:28:02,623 | INFO | GET /live_tracking -> 307 (0.0s)
2025-11-11 19:28:02,626 | INFO | GET /live_tracking/ -> 200 (0.001s)
2025-11-11 19:28:03,224 | INFO | GET /metrics -> 200 (0.502s)
2025-11-11 19:28:03,231 | INFO | GET /live_tracking -> 307 (0.0s)
2025-11-11 19:28:03,234 | INFO | GET /live_tracking/ -> 200 (0.001s)
2025-11-11 19:28:03,995 | INFO | GET /metrics -> 200 (0.501s)
2025-11-11 19:28:04,003 | INFO | GET /live_tracking -> 307 (0.0s)
2025-11-11 19:28:04,007 | INFO | GET /live_tracking/ -> 200 (0.001s)
2025-11-11 19:28:04,708 | INFO | GET /metrics -> 200 (0.501s)
2025-11-11 19:28:04,715 | INFO | GET /live_tracking -> 307 (0.0s)
2025-11-11 19:28:04,727 | INFO | GET /live_tracking/ -> 200 (0.001s)
2025-11-11 19:28:05,422 | INFO | GET /metrics -> 200 (0.501s)
2025-11-11 19:28:05,429 | INFO | GET /live_tracking -> 307 (0.0s)
2025-11-11 19:28:05,433 | INFO | GET /live_tracking/ -> 200 (0.001s)
2025-11-11 19:28:05,995 | INFO | GET /metrics -> 200 (0.502s)
2025-11-11 19:28:06,008 | ERROR | Prediction API error:
Traceback (most recent call last):
  File "/app/src/api/app.py", line 156, in predict_delivery_time
    preds = ML_ENGINE.predict(df)
  File "/app/src/api/services/ml_engine.py", line 123, in predict
    df_h = _df_hash(X)
  File "/app/src/api/services/ml_engine.py", line 49, in _df_hash
    h.update(df.columns.to_string().encode("utf-8"))
AttributeError: 'Index' object has no attribute 'to_string'. Did you mean: 'to_series'?
2025-11-11 19:28:06,019 | INFO | POST /predict_delivery_time -> 500 (0.017s)
2025-11-11 19:28:06,026 | INFO | GET /live_tracking -> 307 (0.0s)
2025-11-11 19:28:06,030 | INFO | GET /live_tracking/ -> 200 (0.001s)
2025-11-11 19:28:06,720 | INFO | GET /metrics -> 200 (0.501s)
2025-11-11 19:28:06,726 | INFO | GET /live_tracking -> 307 (0.0s)
2025-11-11 19:28:06,728 | INFO | GET /live_tracking/ -> 200 (0.001s)
2025-11-11 19:28:07,443 | INFO | GET /metrics -> 200 (0.501s)
2025-11-11 19:28:07,452 | INFO | GET /live_tracking -> 307 (0.0s)
2025-11-11 19:28:07,455 | INFO | GET /live_tracking/ -> 200 (0.001s)
2025-11-11 19:28:08,123 | INFO | GET /metrics -> 200 (0.501s)
2025-11-11 19:28:08,132 | INFO | GET /live_tracking -> 307 (0.0s)
2025-11-11 19:28:08,136 | INFO | GET /live_tracking/ -> 200 (0.001s)
2025-11-11 19:28:08,801 | INFO | GET /metrics -> 200 (0.501s)
2025-11-11 19:28:09,303 | INFO | GET /metrics -> 200 (0.502s)
2025-11-11 19:28:09,359 | ERROR | Prediction API error:
Traceback (most recent call last):
  File "/app/src/api/app.py", line 156, in predict_delivery_time
    preds = ML_ENGINE.predict(df)
  File "/app/src/api/services/ml_engine.py", line 123, in predict
    df_h = _df_hash(X)
  File "/app/src/api/services/ml_engine.py", line 49, in _df_hash
    h.update(df.columns.to_string().encode("utf-8"))
AttributeError: 'Index' object has no attribute 'to_string'. Did you mean: 'to_series'?
2025-11-11 19:28:09,377 | INFO | POST /predict_delivery_time -> 500 (0.022s)
2025-11-11 19:28:09,382 | INFO | GET /live_tracking -> 307 (0.0s)
2025-11-11 19:28:09,385 | INFO | GET /live_tracking/ -> 200 (0.001s)
2025-11-11 19:28:10,057 | INFO | GET /metrics -> 200 (0.502s)
2025-11-11 19:28:10,560 | INFO | GET /metrics -> 200 (0.502s)
2025-11-11 19:28:10,621 | ERROR | Prediction API error:
Traceback (most recent call last):
  File "/app/src/api/app.py", line 156, in predict_delivery_time
    preds = ML_ENGINE.predict(df)
  File "/app/src/api/services/ml_engine.py", line 123, in predict
    df_h = _df_hash(X)
  File "/app/src/api/services/ml_engine.py", line 49, in _df_hash
    h.update(df.columns.to_string().encode("utf-8"))
AttributeError: 'Index' object has no attribute 'to_string'. Did you mean: 'to_series'?
2025-11-11 19:28:10,634 | INFO | POST /predict_delivery_time -> 500 (0.017s)
2025-11-11 19:28:10,641 | INFO | GET /live_tracking -> 307 (0.0s)
2025-11-11 19:28:10,645 | INFO | GET /live_tracking/ -> 200 (0.001s)
2025-11-11 19:28:11,335 | INFO | GET /metrics -> 200 (0.501s)
2025-11-11 19:28:11,343 | INFO | GET /live_tracking -> 307 (0.0s)
2025-11-11 19:28:11,345 | INFO | GET /live_tracking/ -> 200 (0.001s)
2025-11-11 19:28:12,041 | INFO | GET /metrics -> 200 (0.501s)
2025-11-11 19:28:12,048 | INFO | GET /live_tracking -> 307 (0.0s)
2025-11-11 19:28:12,050 | INFO | GET /live_tracking/ -> 200 (0.0s)
2025-11-11 19:28:12,733 | INFO | GET /metrics -> 200 (0.501s)
2025-11-11 19:28:12,740 | INFO | GET /live_tracking -> 307 (0.0s)
2025-11-11 19:28:12,743 | INFO | GET /live_tracking/ -> 200 (0.001s)
2025-11-11 19:28:13,414 | INFO | GET /metrics -> 200 (0.502s)
2025-11-11 19:28:13,421 | INFO | GET /live_tracking -> 307 (0.0s)
2025-11-11 19:28:13,423 | INFO | GET /live_tracking/ -> 200 (0.001s)
2025-11-11 19:28:14,113 | INFO | GET /metrics -> 200 (0.502s)
2025-11-11 19:28:14,616 | INFO | GET /metrics -> 200 (0.502s)
2025-11-11 19:28:14,677 | ERROR | Prediction API error:
Traceback (most recent call last):
  File "/app/src/api/app.py", line 156, in predict_delivery_time
    preds = ML_ENGINE.predict(df)
  File "/app/src/api/services/ml_engine.py", line 123, in predict
    df_h = _df_hash(X)
  File "/app/src/api/services/ml_engine.py", line 49, in _df_hash
    h.update(df.columns.to_string().encode("utf-8"))
AttributeError: 'Index' object has no attribute 'to_string'. Did you mean: 'to_series'?
2025-11-11 19:28:14,690 | INFO | POST /predict_delivery_time -> 500 (0.018s)
2025-11-11 19:28:14,698 | INFO | GET /live_tracking -> 307 (0.0s)
2025-11-11 19:28:14,700 | INFO | GET /live_tracking/ -> 200 (0.001s)
2025-11-11 19:28:15,398 | INFO | GET /metrics -> 200 (0.502s)
2025-11-11 19:28:15,406 | INFO | GET /live_tracking -> 307 (0.0s)
2025-11-11 19:28:15,408 | INFO | GET /live_tracking/ -> 200 (0.001s)
2025-11-11 19:28:16,124 | INFO | GET /metrics -> 200 (0.502s)
2025-11-11 19:28:16,131 | INFO | GET /live_tracking -> 307 (0.0s)
2025-11-11 19:28:16,134 | INFO | GET /live_tracking/ -> 200 (0.001s)
2025-11-11 19:28:16,795 | INFO | GET /metrics -> 200 (0.501s)
2025-11-11 19:28:16,804 | INFO | GET /live_tracking -> 307 (0.0s)
2025-11-11 19:28:16,807 | INFO | GET /live_tracking/ -> 200 (0.001s)
2025-11-11 19:28:17,497 | INFO | GET /metrics -> 200 (0.502s)
2025-11-11 19:28:17,518 | INFO | GET /live_tracking -> 307 (0.0s)
2025-11-11 19:28:17,527 | INFO | GET /live_tracking/ -> 200 (0.001s)
2025-11-11 19:28:18,033 | INFO | GET /metrics -> 200 (0.502s)
2025-11-11 19:28:18,046 | ERROR | Prediction API error:
Traceback (most recent call last):
  File "/app/src/api/app.py", line 156, in predict_delivery_time
    preds = ML_ENGINE.predict(df)
  File "/app/src/api/services/ml_engine.py", line 123, in predict
    df_h = _df_hash(X)
  File "/app/src/api/services/ml_engine.py", line 49, in _df_hash
    h.update(df.columns.to_string().encode("utf-8"))
AttributeError: 'Index' object has no attribute 'to_string'. Did you mean: 'to_series'?
2025-11-11 19:28:18,071 | INFO | POST /predict_delivery_time -> 500 (0.031s)
2025-11-11 19:28:18,078 | INFO | GET /live_tracking -> 307 (0.0s)
2025-11-11 19:28:18,080 | INFO | GET /live_tracking/ -> 200 (0.001s)
2025-11-11 19:28:18,757 | INFO | GET /metrics -> 200 (0.501s)
2025-11-11 19:28:18,764 | INFO | GET /live_tracking -> 307 (0.0s)
2025-11-11 19:28:18,766 | INFO | GET /live_tracking/ -> 200 (0.001s)
2025-11-11 19:28:19,435 | INFO | GET /metrics -> 200 (0.501s)
2025-11-11 19:28:19,442 | INFO | GET /live_tracking -> 307 (0.0s)
2025-11-11 19:28:19,446 | INFO | GET /live_tracking/ -> 200 (0.001s)
2025-11-11 19:28:20,148 | INFO | GET /metrics -> 200 (0.502s)
2025-11-11 19:28:20,155 | INFO | GET /live_tracking -> 307 (0.0s)
2025-11-11 19:28:20,157 | INFO | GET /live_tracking/ -> 200 (0.001s)
2025-11-11 19:28:20,820 | INFO | GET /metrics -> 200 (0.502s)
2025-11-11 19:28:20,830 | INFO | GET /live_tracking -> 307 (0.0s)
2025-11-11 19:28:20,834 | INFO | GET /live_tracking/ -> 200 (0.001s)
2025-11-11 19:28:21,589 | INFO | GET /metrics -> 200 (0.502s)
2025-11-11 19:28:21,595 | INFO | GET /live_tracking -> 307 (0.0s)
2025-11-11 19:28:21,598 | INFO | GET /live_tracking/ -> 200 (0.001s)
2025-11-11 19:28:22,296 | INFO | GET /metrics -> 200 (0.501s)
2025-11-11 19:28:22,304 | INFO | GET /live_tracking -> 307 (0.0s)
2025-11-11 19:28:22,308 | INFO | GET /live_tracking/ -> 200 (0.001s)
2025-11-11 19:28:23,144 | INFO | GET /metrics -> 200 (0.502s)
2025-11-11 19:28:23,154 | INFO | GET /live_tracking -> 307 (0.001s)
2025-11-11 19:28:23,162 | INFO | GET /live_tracking/ -> 200 (0.002s)
2025-11-11 19:28:24,066 | INFO | GET /metrics -> 200 (0.502s)
2025-11-11 19:28:24,074 | INFO | GET /live_tracking -> 307 (0.0s)
2025-11-11 19:28:24,076 | INFO | GET /live_tracking/ -> 200 (0.001s)
2025-11-11 19:28:24,873 | INFO | GET /metrics -> 200 (0.501s)
2025-11-11 19:28:24,881 | INFO | GET /live_tracking -> 307 (0.0s)
2025-11-11 19:28:24,884 | INFO | GET /live_tracking/ -> 200 (0.001s)
2025-11-11 19:28:25,701 | INFO | GET /metrics -> 200 (0.501s)
2025-11-11 19:28:25,709 | INFO | GET /live_tracking -> 307 (0.0s)
2025-11-11 19:28:25,711 | INFO | GET /live_tracking/ -> 200 (0.001s)
2025-11-11 19:28:26,540 | INFO | GET /metrics -> 200 (0.502s)
2025-11-11 19:28:26,548 | INFO | GET /live_tracking -> 307 (0.0s)
2025-11-11 19:28:26,551 | INFO | GET /live_tracking/ -> 200 (0.001s)
2025-11-11 19:28:27,405 | INFO | GET /metrics -> 200 (0.502s)
2025-11-11 19:28:27,413 | INFO | GET /live_tracking -> 307 (0.0s)
2025-11-11 19:28:27,416 | INFO | GET /live_tracking/ -> 200 (0.001s)
2025-11-11 19:28:28,636 | INFO | GET /metrics -> 200 (0.501s)
2025-11-11 19:28:28,646 | INFO | GET /live_tracking -> 307 (0.0s)
2025-11-11 19:28:28,651 | INFO | GET /live_tracking/ -> 200 (0.001s)
2025-11-11 19:28:29,487 | INFO | GET /metrics -> 200 (0.502s)
2025-11-11 19:28:29,496 | INFO | GET /live_tracking -> 307 (0.001s)
2025-11-11 19:28:29,506 | INFO | GET /live_tracking/ -> 200 (0.002s)
2025-11-11 19:28:30,403 | INFO | GET /metrics -> 200 (0.502s)
2025-11-11 19:28:30,411 | INFO | GET /live_tracking -> 307 (0.0s)
2025-11-11 19:28:30,415 | INFO | GET /live_tracking/ -> 200 (0.001s)
2025-11-11 19:28:31,263 | INFO | GET /metrics -> 200 (0.502s)
2025-11-11 19:28:31,270 | INFO | GET /live_tracking -> 307 (0.0s)
2025-11-11 19:28:31,273 | INFO | GET /live_tracking/ -> 200 (0.001s)
2025-11-11 19:28:32,108 | INFO | GET /metrics -> 200 (0.5s)
2025-11-11 19:28:32,115 | INFO | GET /live_tracking -> 307 (0.0s)
2025-11-11 19:28:32,118 | INFO | GET /live_tracking/ -> 200 (0.0s)
2025-11-11 19:28:32,964 | INFO | GET /metrics -> 200 (0.501s)
2025-11-11 19:28:32,970 | INFO | GET /live_tracking -> 307 (0.0s)
2025-11-11 19:28:32,973 | INFO | GET /live_tracking/ -> 200 (0.001s)
2025-11-11 19:28:33,772 | INFO | GET /metrics -> 200 (0.501s)
2025-11-11 19:28:33,780 | INFO | GET /live_tracking -> 307 (0.0s)
2025-11-11 19:28:33,782 | INFO | GET /live_tracking/ -> 200 (0.001s)
2025-11-11 19:28:34,594 | INFO | GET /metrics -> 200 (0.502s)
2025-11-11 19:28:34,603 | INFO | GET /live_tracking -> 307 (0.0s)
2025-11-11 19:28:34,605 | INFO | GET /live_tracking/ -> 200 (0.001s)
2025-11-11 19:28:35,399 | INFO | GET /metrics -> 200 (0.502s)
2025-11-11 19:28:35,407 | INFO | GET /live_tracking -> 307 (0.0s)
2025-11-11 19:28:35,409 | INFO | GET /live_tracking/ -> 200 (0.001s)
2025-11-11 19:28:36,243 | INFO | GET /metrics -> 200 (0.501s)
2025-11-11 19:28:36,252 | INFO | GET /live_tracking -> 307 (0.0s)
2025-11-11 19:28:36,255 | INFO | GET /live_tracking/ -> 200 (0.001s)
2025-11-11 19:28:37,098 | INFO | GET /metrics -> 200 (0.501s)
2025-11-11 19:28:37,106 | INFO | GET /live_tracking -> 307 (0.0s)
2025-11-11 19:28:37,109 | INFO | GET /live_tracking/ -> 200 (0.001s)
2025-11-11 19:28:37,912 | INFO | GET /metrics -> 200 (0.501s)
2025-11-11 19:28:37,919 | INFO | GET /live_tracking -> 307 (0.0s)
2025-11-11 19:28:37,921 | INFO | GET /live_tracking/ -> 200 (0.001s)
2025-11-11 19:28:38,766 | INFO | GET /metrics -> 200 (0.501s)
2025-11-11 19:28:38,773 | INFO | GET /live_tracking -> 307 (0.0s)
2025-11-11 19:28:38,775 | INFO | GET /live_tracking/ -> 200 (0.001s)
2025-11-11 19:28:39,674 | INFO | GET /metrics -> 200 (0.501s)
2025-11-11 19:28:39,680 | INFO | GET /live_tracking -> 307 (0.0s)
2025-11-11 19:28:39,684 | INFO | GET /live_tracking/ -> 200 (0.001s)
2025-11-11 19:28:40,506 | INFO | GET /metrics -> 200 (0.501s)
2025-11-11 19:28:40,513 | INFO | GET /live_tracking -> 307 (0.0s)
2025-11-11 19:28:40,515 | INFO | GET /live_tracking/ -> 200 (0.001s)
2025-11-11 19:28:41,314 | INFO | GET /metrics -> 200 (0.501s)
2025-11-11 19:28:41,321 | INFO | GET /live_tracking -> 307 (0.0s)
2025-11-11 19:28:41,324 | INFO | GET /live_tracking/ -> 200 (0.001s)
2025-11-11 19:28:42,145 | INFO | GET /metrics -> 200 (0.501s)
2025-11-11 19:28:42,152 | INFO | GET /live_tracking -> 307 (0.0s)
2025-11-11 19:28:42,155 | INFO | GET /live_tracking/ -> 200 (0.001s)
2025-11-11 19:28:42,952 | INFO | GET /metrics -> 200 (0.501s)
2025-11-11 19:28:42,959 | INFO | GET /live_tracking -> 307 (0.0s)
2025-11-11 19:28:42,963 | INFO | GET /live_tracking/ -> 200 (0.001s)
2025-11-11 19:28:43,751 | INFO | GET /metrics -> 200 (0.502s)
2025-11-11 19:28:43,765 | INFO | GET /live_tracking -> 307 (0.001s)
2025-11-11 19:28:43,771 | INFO | GET /live_tracking/ -> 200 (0.002s)
2025-11-11 19:28:44,579 | INFO | GET /metrics -> 200 (0.501s)
2025-11-11 19:28:44,585 | INFO | GET /live_tracking -> 307 (0.0s)
2025-11-11 19:28:44,590 | INFO | GET /live_tracking/ -> 200 (0.001s)
2025-11-11 19:28:45,429 | INFO | GET /metrics -> 200 (0.501s)
2025-11-11 19:28:45,435 | INFO | GET /live_tracking -> 307 (0.0s)
2025-11-11 19:28:45,439 | INFO | GET /live_tracking/ -> 200 (0.001s)
2025-11-11 19:28:46,272 | INFO | GET /metrics -> 200 (0.501s)
2025-11-11 19:28:46,278 | INFO | GET /live_tracking -> 307 (0.0s)
2025-11-11 19:28:46,282 | INFO | GET /live_tracking/ -> 200 (0.001s)
2025-11-11 19:28:47,081 | INFO | GET /metrics -> 200 (0.501s)
2025-11-11 19:28:47,090 | INFO | GET /live_tracking -> 307 (0.0s)
2025-11-11 19:28:47,092 | INFO | GET /live_tracking/ -> 200 (0.001s)
2025-11-11 19:28:47,881 | INFO | GET /metrics -> 200 (0.501s)
2025-11-11 19:28:47,889 | INFO | GET /live_tracking -> 307 (0.0s)
2025-11-11 19:28:47,892 | INFO | GET /live_tracking/ -> 200 (0.001s)
2025-11-11 19:28:48,697 | INFO | GET /metrics -> 200 (0.501s)
2025-11-11 19:28:48,704 | INFO | GET /live_tracking -> 307 (0.0s)
2025-11-11 19:28:48,707 | INFO | GET /live_tracking/ -> 200 (0.001s)
2025-11-11 19:28:49,508 | INFO | GET /metrics -> 200 (0.501s)
2025-11-11 19:28:49,514 | INFO | GET /live_tracking -> 307 (0.0s)
2025-11-11 19:28:49,517 | INFO | GET /live_tracking/ -> 200 (0.001s)
2025-11-11 19:28:50,309 | INFO | GET /metrics -> 200 (0.502s)
2025-11-11 19:28:50,316 | INFO | GET /live_tracking -> 307 (0.0s)
2025-11-11 19:28:50,319 | INFO | GET /live_tracking/ -> 200 (0.001s)
2025-11-11 19:28:51,112 | INFO | GET /metrics -> 200 (0.501s)
2025-11-11 19:28:51,120 | INFO | GET /live_tracking -> 307 (0.0s)
2025-11-11 19:28:51,123 | INFO | GET /live_tracking/ -> 200 (0.001s)
2025-11-11 19:28:51,904 | INFO | GET /metrics -> 200 (0.502s)
2025-11-11 19:28:51,911 | INFO | GET /live_tracking -> 307 (0.0s)
2025-11-11 19:28:51,913 | INFO | GET /live_tracking/ -> 200 (0.001s)
2025-11-11 19:28:52,724 | INFO | GET /metrics -> 200 (0.501s)
2025-11-11 19:28:52,731 | INFO | GET /live_tracking -> 307 (0.0s)
2025-11-11 19:28:52,734 | INFO | GET /live_tracking/ -> 200 (0.001s)
2025-11-11 19:28:53,586 | INFO | GET /metrics -> 200 (0.502s)
2025-11-11 19:28:53,593 | INFO | GET /live_tracking -> 307 (0.0s)
2025-11-11 19:28:53,595 | INFO | GET /live_tracking/ -> 200 (0.001s)
2025-11-11 19:28:54,402 | INFO | GET /metrics -> 200 (0.502s)
2025-11-11 19:28:54,412 | INFO | GET /live_tracking -> 307 (0.0s)
2025-11-11 19:28:54,414 | INFO | GET /live_tracking/ -> 200 (0.001s)
2025-11-11 19:28:55,196 | INFO | GET /metrics -> 200 (0.501s)
2025-11-11 19:28:55,207 | INFO | GET /live_tracking -> 307 (0.0s)
2025-11-11 19:28:55,210 | INFO | GET /live_tracking/ -> 200 (0.001s)
2025-11-11 19:28:56,016 | INFO | GET /metrics -> 200 (0.501s)
2025-11-11 19:28:56,025 | INFO | GET /live_tracking -> 307 (0.0s)
2025-11-11 19:28:56,027 | INFO | GET /live_tracking/ -> 200 (0.001s)
2025-11-11 19:28:56,802 | INFO | GET /metrics -> 200 (0.501s)
2025-11-11 19:28:56,811 | INFO | GET /live_tracking -> 307 (0.0s)
2025-11-11 19:28:56,813 | INFO | GET /live_tracking/ -> 200 (0.001s)
2025-11-11 19:28:57,602 | INFO | GET /metrics -> 200 (0.502s)
2025-11-11 19:28:57,610 | INFO | GET /live_tracking -> 307 (0.0s)
2025-11-11 19:28:57,612 | INFO | GET /live_tracking/ -> 200 (0.001s)
2025-11-11 19:28:58,421 | INFO | GET /metrics -> 200 (0.502s)
2025-11-11 19:28:58,431 | INFO | GET /live_tracking -> 307 (0.0s)
2025-11-11 19:28:58,434 | INFO | GET /live_tracking/ -> 200 (0.001s)
2025-11-11 19:28:59,237 | INFO | GET /metrics -> 200 (0.502s)
2025-11-11 19:28:59,245 | INFO | GET /live_tracking -> 307 (0.0s)
2025-11-11 19:28:59,247 | INFO | GET /live_tracking/ -> 200 (0.001s)
2025-11-11 19:29:00,033 | INFO | GET /metrics -> 200 (0.501s)
2025-11-11 19:29:00,040 | INFO | GET /live_tracking -> 307 (0.0s)
2025-11-11 19:29:00,043 | INFO | GET /live_tracking/ -> 200 (0.001s)
2025-11-11 19:29:00,851 | INFO | GET /metrics -> 200 (0.502s)
2025-11-11 19:29:00,861 | INFO | GET /live_tracking -> 307 (0.0s)
2025-11-11 19:29:00,864 | INFO | GET /live_tracking/ -> 200 (0.001s)
2025-11-11 19:29:01,645 | INFO | GET /metrics -> 200 (0.502s)
2025-11-11 19:29:01,653 | INFO | GET /live_tracking -> 307 (0.0s)
2025-11-11 19:29:01,656 | INFO | GET /live_tracking/ -> 200 (0.001s)
2025-11-11 19:29:02,480 | INFO | GET /metrics -> 200 (0.501s)
2025-11-11 19:29:02,486 | INFO | GET /live_tracking -> 307 (0.0s)
2025-11-11 19:29:02,489 | INFO | GET /live_tracking/ -> 200 (0.001s)
2025-11-11 19:29:03,299 | INFO | GET /metrics -> 200 (0.501s)
2025-11-11 19:29:03,305 | INFO | GET /live_tracking -> 307 (0.0s)
2025-11-11 19:29:03,307 | INFO | GET /live_tracking/ -> 200 (0.001s)
2025-11-11 19:29:04,086 | INFO | GET /metrics -> 200 (0.502s)
2025-11-11 19:29:04,095 | INFO | GET /live_tracking -> 307 (0.0s)
2025-11-11 19:29:04,097 | INFO | GET /live_tracking/ -> 200 (0.001s)
2025-11-11 19:29:04,912 | INFO | GET /metrics -> 200 (0.502s)
2025-11-11 19:29:04,922 | INFO | GET /live_tracking -> 307 (0.0s)
2025-11-11 19:29:04,924 | INFO | GET /live_tracking/ -> 200 (0.001s)
2025-11-11 19:29:05,752 | INFO | GET /metrics -> 200 (0.501s)
2025-11-11 19:29:05,760 | INFO | GET /live_tracking -> 307 (0.0s)
2025-11-11 19:29:05,762 | INFO | GET /live_tracking/ -> 200 (0.001s)
2025-11-11 19:29:06,585 | INFO | GET /metrics -> 200 (0.501s)
2025-11-11 19:29:06,593 | INFO | GET /live_tracking -> 307 (0.0s)
2025-11-11 19:29:06,595 | INFO | GET /live_tracking/ -> 200 (0.001s)
2025-11-11 19:29:07,411 | INFO | GET /metrics -> 200 (0.501s)
2025-11-11 19:29:07,417 | INFO | GET /live_tracking -> 307 (0.0s)
2025-11-11 19:29:07,420 | INFO | GET /live_tracking/ -> 200 (0.001s)
2025-11-11 19:29:08,226 | INFO | GET /metrics -> 200 (0.502s)
2025-11-11 19:29:08,236 | INFO | GET /live_tracking -> 307 (0.0s)
2025-11-11 19:29:08,238 | INFO | GET /live_tracking/ -> 200 (0.001s)
2025-11-11 19:29:09,020 | INFO | GET /metrics -> 200 (0.501s)
2025-11-11 19:29:09,028 | INFO | GET /live_tracking -> 307 (0.0s)
2025-11-11 19:29:09,030 | INFO | GET /live_tracking/ -> 200 (0.001s)
2025-11-11 19:29:09,824 | INFO | GET /metrics -> 200 (0.501s)
2025-11-11 19:29:09,831 | INFO | GET /live_tracking -> 307 (0.0s)
2025-11-11 19:29:09,833 | INFO | GET /live_tracking/ -> 200 (0.001s)
